<?xml version="1.0" encoding="UTF-8" ?>
<testsuite tests="6" failures="0" name="TestReflection" time="0.015" errors="0" skipped="0">
  <properties>
[...]
</properties>
  <testcase classname="TestReflection" name="testGetSumOfHumans" time="0.015"/>
  <testcase classname="TestReflection" name="testSetSetters" time="0"/>
  <testcase classname="TestReflection" name="tesGetPublicMethods" time="0"/>
  <testcase classname="TestReflection" name="testGetGetters" time="0"/>
  <testcase classname="TestReflection" name="getSuperClasses" time="0"/>
  <testcase classname="TestReflection" name="testSumOfExecutables" time="0"/>
</testsuite>